{"timestamp":"2025-11-27T09:08:47.934504Z","level":"info","event":"DAG bundles loaded: dags-folder","logger":"airflow.dag_processing.bundles.manager.DagBundlesManager","filename":"manager.py","lineno":179}
{"timestamp":"2025-11-27T09:08:47.935835Z","level":"info","event":"Filling up the DagBag from /opt/airflow/dags/dag_first.py","logger":"airflow.models.dagbag.DagBag","filename":"dagbag.py","lineno":593}
{"timestamp":"2025-11-27T09:08:47.955604Z","level":"warning","event":"The `airflow.operators.bash.BashOperator` attribute is deprecated. Please use `'airflow.providers.standard.operators.bash.BashOperator'`.","category":"DeprecatedImportWarning","filename":"/opt/airflow/dags/dag_first.py","lineno":3,"logger":"py.warnings"}
{"timestamp":"2025-11-27T09:08:47.955818Z","level":"warning","event":"The `airflow.operators.python.PythonOperator` attribute is deprecated. Please use `'airflow.providers.standard.operators.python.PythonOperator'`.","category":"DeprecatedImportWarning","filename":"/opt/airflow/dags/dag_first.py","lineno":4,"logger":"py.warnings"}
{"timestamp":"2025-11-27T09:08:48.012983Z","level":"info","event":"Tmp dir root location: /tmp","logger":"airflow.task.hooks.airflow.providers.standard.hooks.subprocess.SubprocessHook","filename":"subprocess.py","lineno":78}
{"timestamp":"2025-11-27T09:08:48.014268Z","level":"info","event":"Running command: ['/usr/bin/bash', '-c', 'python3 /opt/airflow/mini_ETL_project/main.py']","logger":"airflow.task.hooks.airflow.providers.standard.hooks.subprocess.SubprocessHook","filename":"subprocess.py","lineno":88}
{"timestamp":"2025-11-27T09:08:48.025753Z","level":"info","event":"Output:","logger":"airflow.task.hooks.airflow.providers.standard.hooks.subprocess.SubprocessHook","filename":"subprocess.py","lineno":99}
{"timestamp":"2025-11-27T09:08:49.416188Z","level":"info","event":"CSV file not found: [Errno 2] No such file or directory: '/home/airflow/DataEngineering/mini_ETL_project/data/world_cups.csv'","logger":"airflow.task.hooks.airflow.providers.standard.hooks.subprocess.SubprocessHook","filename":"subprocess.py","lineno":106}
{"timestamp":"2025-11-27T09:08:49.416471Z","level":"info","event":"Traceback (most recent call last):","logger":"airflow.task.hooks.airflow.providers.standard.hooks.subprocess.SubprocessHook","filename":"subprocess.py","lineno":106}
{"timestamp":"2025-11-27T09:08:49.416602Z","level":"info","event":"  File \"/opt/airflow/mini_ETL_project/main.py\", line 23, in <module>","logger":"airflow.task.hooks.airflow.providers.standard.hooks.subprocess.SubprocessHook","filename":"subprocess.py","lineno":106}
{"timestamp":"2025-11-27T09:08:49.416681Z","level":"info","event":"    main()","logger":"airflow.task.hooks.airflow.providers.standard.hooks.subprocess.SubprocessHook","filename":"subprocess.py","lineno":106}
{"timestamp":"2025-11-27T09:08:49.416748Z","level":"info","event":"  File \"/opt/airflow/mini_ETL_project/main.py\", line 15, in main","logger":"airflow.task.hooks.airflow.providers.standard.hooks.subprocess.SubprocessHook","filename":"subprocess.py","lineno":106}
{"timestamp":"2025-11-27T09:08:49.416800Z","level":"info","event":"    df = data_loader(file_path)","logger":"airflow.task.hooks.airflow.providers.standard.hooks.subprocess.SubprocessHook","filename":"subprocess.py","lineno":106}
{"timestamp":"2025-11-27T09:08:49.416848Z","level":"info","event":"         ^^^^^^^^^^^^^^^^^^^^^^","logger":"airflow.task.hooks.airflow.providers.standard.hooks.subprocess.SubprocessHook","filename":"subprocess.py","lineno":106}
{"timestamp":"2025-11-27T09:08:49.416897Z","level":"info","event":"  File \"/opt/airflow/mini_ETL_project/data_modeling.py\", line 11, in data_loader","logger":"airflow.task.hooks.airflow.providers.standard.hooks.subprocess.SubprocessHook","filename":"subprocess.py","lineno":106}
{"timestamp":"2025-11-27T09:08:49.416946Z","level":"info","event":"    df = pd.read_csv(file_path)","logger":"airflow.task.hooks.airflow.providers.standard.hooks.subprocess.SubprocessHook","filename":"subprocess.py","lineno":106}
{"timestamp":"2025-11-27T09:08:49.416993Z","level":"info","event":"         ^^^^^^^^^^^^^^^^^^^^^^","logger":"airflow.task.hooks.airflow.providers.standard.hooks.subprocess.SubprocessHook","filename":"subprocess.py","lineno":106}
{"timestamp":"2025-11-27T09:08:49.417040Z","level":"info","event":"  File \"/home/airflow/.local/lib/python3.12/site-packages/pandas/io/parsers/readers.py\", line 948, in read_csv","logger":"airflow.task.hooks.airflow.providers.standard.hooks.subprocess.SubprocessHook","filename":"subprocess.py","lineno":106}
{"timestamp":"2025-11-27T09:08:49.418368Z","level":"info","event":"    return _read(filepath_or_buffer, kwds)","logger":"airflow.task.hooks.airflow.providers.standard.hooks.subprocess.SubprocessHook","filename":"subprocess.py","lineno":106}
{"timestamp":"2025-11-27T09:08:49.418513Z","level":"info","event":"           ^^^^^^^^^^^^^^^^^^^^^^^^^^^^^^^","logger":"airflow.task.hooks.airflow.providers.standard.hooks.subprocess.SubprocessHook","filename":"subprocess.py","lineno":106}
{"timestamp":"2025-11-27T09:08:49.418591Z","level":"info","event":"  File \"/home/airflow/.local/lib/python3.12/site-packages/pandas/io/parsers/readers.py\", line 611, in _read","logger":"airflow.task.hooks.airflow.providers.standard.hooks.subprocess.SubprocessHook","filename":"subprocess.py","lineno":106}
{"timestamp":"2025-11-27T09:08:49.419152Z","level":"info","event":"    parser = TextFileReader(filepath_or_buffer, **kwds)","logger":"airflow.task.hooks.airflow.providers.standard.hooks.subprocess.SubprocessHook","filename":"subprocess.py","lineno":106}
{"timestamp":"2025-11-27T09:08:49.419297Z","level":"info","event":"             ^^^^^^^^^^^^^^^^^^^^^^^^^^^^^^^^^^^^^^^^^^","logger":"airflow.task.hooks.airflow.providers.standard.hooks.subprocess.SubprocessHook","filename":"subprocess.py","lineno":106}
{"timestamp":"2025-11-27T09:08:49.419706Z","level":"info","event":"  File \"/home/airflow/.local/lib/python3.12/site-packages/pandas/io/parsers/readers.py\", line 1448, in __init__","logger":"airflow.task.hooks.airflow.providers.standard.hooks.subprocess.SubprocessHook","filename":"subprocess.py","lineno":106}
{"timestamp":"2025-11-27T09:08:49.419940Z","level":"info","event":"    self._engine = self._make_engine(f, self.engine)","logger":"airflow.task.hooks.airflow.providers.standard.hooks.subprocess.SubprocessHook","filename":"subprocess.py","lineno":106}
{"timestamp":"2025-11-27T09:08:49.420872Z","level":"info","event":"                   ^^^^^^^^^^^^^^^^^^^^^^^^^^^^^^^^^","logger":"airflow.task.hooks.airflow.providers.standard.hooks.subprocess.SubprocessHook","filename":"subprocess.py","lineno":106}
{"timestamp":"2025-11-27T09:08:49.420984Z","level":"info","event":"  File \"/home/airflow/.local/lib/python3.12/site-packages/pandas/io/parsers/readers.py\", line 1705, in _make_engine","logger":"airflow.task.hooks.airflow.providers.standard.hooks.subprocess.SubprocessHook","filename":"subprocess.py","lineno":106}
{"timestamp":"2025-11-27T09:08:49.421077Z","level":"info","event":"    self.handles = get_handle(","logger":"airflow.task.hooks.airflow.providers.standard.hooks.subprocess.SubprocessHook","filename":"subprocess.py","lineno":106}
{"timestamp":"2025-11-27T09:08:49.421135Z","level":"info","event":"                   ^^^^^^^^^^^","logger":"airflow.task.hooks.airflow.providers.standard.hooks.subprocess.SubprocessHook","filename":"subprocess.py","lineno":106}
{"timestamp":"2025-11-27T09:08:49.421188Z","level":"info","event":"  File \"/home/airflow/.local/lib/python3.12/site-packages/pandas/io/common.py\", line 863, in get_handle","logger":"airflow.task.hooks.airflow.providers.standard.hooks.subprocess.SubprocessHook","filename":"subprocess.py","lineno":106}
{"timestamp":"2025-11-27T09:08:49.421240Z","level":"info","event":"    handle = open(","logger":"airflow.task.hooks.airflow.providers.standard.hooks.subprocess.SubprocessHook","filename":"subprocess.py","lineno":106}
{"timestamp":"2025-11-27T09:08:49.421291Z","level":"info","event":"             ^^^^^","logger":"airflow.task.hooks.airflow.providers.standard.hooks.subprocess.SubprocessHook","filename":"subprocess.py","lineno":106}
{"timestamp":"2025-11-27T09:08:49.421341Z","level":"info","event":"FileNotFoundError: [Errno 2] No such file or directory: '/home/airflow/DataEngineering/mini_ETL_project/data/world_cups.csv'","logger":"airflow.task.hooks.airflow.providers.standard.hooks.subprocess.SubprocessHook","filename":"subprocess.py","lineno":106}
{"timestamp":"2025-11-27T09:08:49.538810Z","level":"info","event":"Command exited with return code 1","logger":"airflow.task.hooks.airflow.providers.standard.hooks.subprocess.SubprocessHook","filename":"subprocess.py","lineno":110}
{"timestamp":"2025-11-27T09:08:49.539741Z","level":"error","event":"Task failed with exception","logger":"task","filename":"task_runner.py","lineno":980,"error_detail":[{"exc_type":"AirflowException","exc_value":"Bash command failed. The command returned a non-zero exit code 1.","exc_notes":[],"syntax_error":null,"is_cause":false,"frames":[{"filename":"/home/airflow/.local/lib/python3.12/site-packages/airflow/sdk/execution_time/task_runner.py","lineno":928,"name":"run"},{"filename":"/home/airflow/.local/lib/python3.12/site-packages/airflow/sdk/execution_time/task_runner.py","lineno":1315,"name":"_execute_task"},{"filename":"/home/airflow/.local/lib/python3.12/site-packages/airflow/sdk/bases/operator.py","lineno":416,"name":"wrapper"},{"filename":"/home/airflow/.local/lib/python3.12/site-packages/airflow/providers/standard/operators/bash.py","lineno":223,"name":"execute"}],"is_group":false,"exceptions":[]}]}
